{"contracts/INFT.sol":{"l":{},"path":"/home/ahmet/nft-minter-marketplace/contracts/INFT.sol","s":{},"b":{},"f":{},"fnMap":{},"statementMap":{},"branchMap":{}},"contracts/Marketplace.sol":{"l":{"43":0,"44":0,"45":0,"84":0,"85":0,"86":0,"88":0,"96":0,"97":0,"98":0,"99":0,"101":0,"105":0,"106":0,"107":0,"109":0,"124":0,"125":0,"130":0,"131":0,"135":0,"136":0,"139":0,"141":0,"142":0,"145":0,"146":0,"154":0,"155":0,"164":0,"166":0,"167":0,"170":0,"171":0,"172":0,"177":0,"190":0,"191":0,"194":0,"195":0,"199":0,"200":0,"201":0,"203":0,"208":0,"209":0,"213":0,"215":0,"216":0,"219":0,"220":0,"221":0,"225":0,"229":0,"237":0,"241":0,"245":0,"246":0,"248":0,"252":0},"path":"/home/ahmet/nft-minter-marketplace/contracts/Marketplace.sol","s":{"1":0,"2":0,"3":0,"4":0,"5":0,"6":0,"7":0,"8":0,"9":0,"10":0,"11":0,"12":0,"13":0,"14":0,"15":0,"16":0,"17":0,"18":0,"19":0,"20":0,"21":0,"22":0,"23":0,"24":0,"25":0,"26":0,"27":0,"28":0,"29":0,"30":0,"31":0,"32":0,"33":0,"34":0,"35":0,"36":0,"37":0,"38":0,"39":0,"40":0,"41":0,"42":0,"43":0,"44":0,"45":0},"b":{"1":[0,0],"2":[0,0],"3":[0,0],"4":[0,0],"5":[0,0],"6":[0,0],"7":[0,0],"8":[0,0],"9":[0,0],"10":[0,0],"11":[0,0],"12":[0,0],"13":[0,0]},"f":{"1":0,"2":0,"3":0,"4":0,"5":0,"6":0,"7":0,"8":0,"9":0,"10":0,"11":0,"12":0,"13":0,"14":0,"15":0,"16":0},"fnMap":{"1":{"name":"constructor","line":42,"loc":{"start":{"line":36,"column":4},"end":{"line":46,"column":4}}},"2":{"name":"notListed","line":79,"loc":{"start":{"line":79,"column":4},"end":{"line":89,"column":4}}},"3":{"name":"isOwner","line":91,"loc":{"start":{"line":91,"column":4},"end":{"line":102,"column":4}}},"4":{"name":"isListed","line":104,"loc":{"start":{"line":104,"column":4},"end":{"line":110,"column":4}}},"5":{"name":"listItem","line":122,"loc":{"start":{"line":114,"column":4},"end":{"line":147,"column":4}}},"6":{"name":"cancelListing","line":152,"loc":{"start":{"line":149,"column":4},"end":{"line":156,"column":4}}},"7":{"name":"buyItem","line":162,"loc":{"start":{"line":158,"column":4},"end":{"line":178,"column":4}}},"8":{"name":"updateListing","line":188,"loc":{"start":{"line":180,"column":4},"end":{"line":196,"column":4}}},"9":{"name":"mintNft","line":198,"loc":{"start":{"line":198,"column":4},"end":{"line":210,"column":4}}},"10":{"name":"withdrawProceeds","line":212,"loc":{"start":{"line":212,"column":4},"end":{"line":222,"column":4}}},"11":{"name":"setNftAddress","line":224,"loc":{"start":{"line":224,"column":4},"end":{"line":226,"column":4}}},"12":{"name":"setListingFee","line":228,"loc":{"start":{"line":228,"column":4},"end":{"line":230,"column":4}}},"13":{"name":"getListing","line":232,"loc":{"start":{"line":232,"column":4},"end":{"line":238,"column":4}}},"14":{"name":"getProceeds","line":240,"loc":{"start":{"line":240,"column":4},"end":{"line":242,"column":4}}},"15":{"name":"getCurrentMintPrice","line":244,"loc":{"start":{"line":244,"column":4},"end":{"line":249,"column":4}}},"16":{"name":"getListingFee","line":251,"loc":{"start":{"line":251,"column":4},"end":{"line":253,"column":4}}}},"statementMap":{"1":{"start":{"line":43,"column":8},"end":{"line":43,"column":40}},"2":{"start":{"line":44,"column":8},"end":{"line":44,"column":41}},"3":{"start":{"line":45,"column":8},"end":{"line":45,"column":31}},"4":{"start":{"line":84,"column":8},"end":{"line":84,"column":64}},"5":{"start":{"line":85,"column":8},"end":{"line":85,"column":2288}},"6":{"start":{"line":96,"column":8},"end":{"line":96,"column":35}},"7":{"start":{"line":97,"column":8},"end":{"line":97,"column":44}},"8":{"start":{"line":98,"column":8},"end":{"line":98,"column":2594}},"9":{"start":{"line":105,"column":8},"end":{"line":105,"column":64}},"10":{"start":{"line":106,"column":8},"end":{"line":106,"column":2812}},"11":{"start":{"line":124,"column":8},"end":{"line":124,"column":3186}},"12":{"start":{"line":125,"column":12},"end":{"line":125,"column":3240}},"13":{"start":{"line":130,"column":12},"end":{"line":130,"column":3390}},"14":{"start":{"line":135,"column":8},"end":{"line":135,"column":3500}},"15":{"start":{"line":139,"column":8},"end":{"line":139,"column":35}},"16":{"start":{"line":141,"column":8},"end":{"line":141,"column":3618}},"17":{"start":{"line":145,"column":8},"end":{"line":145,"column":67}},"18":{"start":{"line":146,"column":8},"end":{"line":146,"column":63}},"19":{"start":{"line":155,"column":8},"end":{"line":155,"column":58}},"20":{"start":{"line":164,"column":8},"end":{"line":164,"column":67}},"21":{"start":{"line":166,"column":8},"end":{"line":166,"column":4393}},"22":{"start":{"line":170,"column":8},"end":{"line":170,"column":49}},"23":{"start":{"line":172,"column":8},"end":{"line":172,"column":4621}},"24":{"start":{"line":177,"column":8},"end":{"line":177,"column":74}},"25":{"start":{"line":190,"column":8},"end":{"line":190,"column":5076}},"26":{"start":{"line":194,"column":8},"end":{"line":194,"column":55}},"27":{"start":{"line":195,"column":8},"end":{"line":195,"column":66}},"28":{"start":{"line":199,"column":8},"end":{"line":199,"column":56}},"29":{"start":{"line":200,"column":8},"end":{"line":200,"column":5425}},"30":{"start":{"line":203,"column":8},"end":{"line":203,"column":5534}},"31":{"start":{"line":208,"column":8},"end":{"line":208,"column":64}},"32":{"start":{"line":209,"column":8},"end":{"line":209,"column":31}},"33":{"start":{"line":213,"column":8},"end":{"line":213,"column":49}},"34":{"start":{"line":215,"column":8},"end":{"line":215,"column":5866}},"35":{"start":{"line":219,"column":8},"end":{"line":219,"column":33}},"36":{"start":{"line":220,"column":8},"end":{"line":220,"column":72}},"37":{"start":{"line":221,"column":8},"end":{"line":221,"column":42}},"38":{"start":{"line":225,"column":8},"end":{"line":225,"column":37}},"39":{"start":{"line":229,"column":8},"end":{"line":229,"column":31}},"40":{"start":{"line":237,"column":8},"end":{"line":237,"column":46}},"41":{"start":{"line":241,"column":8},"end":{"line":241,"column":33}},"42":{"start":{"line":245,"column":8},"end":{"line":245,"column":56}},"43":{"start":{"line":246,"column":8},"end":{"line":246,"column":53}},"44":{"start":{"line":248,"column":8},"end":{"line":248,"column":64}},"45":{"start":{"line":252,"column":8},"end":{"line":252,"column":25}}},"branchMap":{"1":{"line":85,"type":"if","locations":[{"start":{"line":85,"column":8},"end":{"line":85,"column":8}},{"start":{"line":85,"column":8},"end":{"line":85,"column":8}}]},"2":{"line":98,"type":"if","locations":[{"start":{"line":98,"column":8},"end":{"line":98,"column":8}},{"start":{"line":98,"column":8},"end":{"line":98,"column":8}}]},"3":{"line":106,"type":"if","locations":[{"start":{"line":106,"column":8},"end":{"line":106,"column":8}},{"start":{"line":106,"column":8},"end":{"line":106,"column":8}}]},"4":{"line":124,"type":"if","locations":[{"start":{"line":124,"column":8},"end":{"line":124,"column":8}},{"start":{"line":124,"column":8},"end":{"line":124,"column":8}}]},"5":{"line":125,"type":"if","locations":[{"start":{"line":125,"column":12},"end":{"line":125,"column":12}},{"start":{"line":125,"column":12},"end":{"line":125,"column":12}}]},"6":{"line":130,"type":"if","locations":[{"start":{"line":130,"column":12},"end":{"line":130,"column":12}},{"start":{"line":130,"column":12},"end":{"line":130,"column":12}}]},"7":{"line":135,"type":"if","locations":[{"start":{"line":135,"column":8},"end":{"line":135,"column":8}},{"start":{"line":135,"column":8},"end":{"line":135,"column":8}}]},"8":{"line":141,"type":"if","locations":[{"start":{"line":141,"column":8},"end":{"line":141,"column":8}},{"start":{"line":141,"column":8},"end":{"line":141,"column":8}}]},"9":{"line":166,"type":"if","locations":[{"start":{"line":166,"column":8},"end":{"line":166,"column":8}},{"start":{"line":166,"column":8},"end":{"line":166,"column":8}}]},"10":{"line":190,"type":"if","locations":[{"start":{"line":190,"column":8},"end":{"line":190,"column":8}},{"start":{"line":190,"column":8},"end":{"line":190,"column":8}}]},"11":{"line":200,"type":"if","locations":[{"start":{"line":200,"column":8},"end":{"line":200,"column":8}},{"start":{"line":200,"column":8},"end":{"line":200,"column":8}}]},"12":{"line":215,"type":"if","locations":[{"start":{"line":215,"column":8},"end":{"line":215,"column":8}},{"start":{"line":215,"column":8},"end":{"line":215,"column":8}}]},"13":{"line":221,"type":"if","locations":[{"start":{"line":221,"column":8},"end":{"line":221,"column":8}},{"start":{"line":221,"column":8},"end":{"line":221,"column":8}}]}}},"contracts/NFT.sol":{"l":{"14":0,"18":0,"22":0,"30":0,"31":0,"32":0,"33":0,"34":0},"path":"/home/ahmet/nft-minter-marketplace/contracts/NFT.sol","s":{"1":0,"2":0,"3":0,"4":0,"5":0,"6":0,"7":0},"b":{"1":[0,0]},"f":{"1":0,"2":0,"3":0},"fnMap":{"1":{"name":"constructor","line":13,"loc":{"start":{"line":13,"column":4},"end":{"line":15,"column":4}}},"2":{"name":"onlyMarketplace","line":17,"loc":{"start":{"line":17,"column":4},"end":{"line":23,"column":4}}},"3":{"name":"createToken","line":27,"loc":{"start":{"line":25,"column":4},"end":{"line":35,"column":4}}}},"statementMap":{"1":{"start":{"line":14,"column":8},"end":{"line":14,"column":46}},"2":{"start":{"line":18,"column":8},"end":{"line":18,"column":613}},"3":{"start":{"line":30,"column":8},"end":{"line":30,"column":28}},"4":{"start":{"line":31,"column":8},"end":{"line":31,"column":47}},"5":{"start":{"line":32,"column":8},"end":{"line":32,"column":39}},"6":{"start":{"line":33,"column":8},"end":{"line":33,"column":41}},"7":{"start":{"line":34,"column":8},"end":{"line":34,"column":24}}},"branchMap":{"1":{"line":18,"type":"if","locations":[{"start":{"line":18,"column":8},"end":{"line":18,"column":8}},{"start":{"line":18,"column":8},"end":{"line":18,"column":8}}]}}}}