TN:
SF:/home/ahmet/nft-minter-marketplace/contracts/INFT.sol
FNF:0
FNH:0
LF:0
LH:0
BRF:0
BRH:0
end_of_record
TN:
SF:/home/ahmet/nft-minter-marketplace/contracts/Marketplace.sol
FN:42,constructor
FN:79,notListed
FN:91,isOwner
FN:104,isListed
FN:122,listItem
FN:152,cancelListing
FN:162,buyItem
FN:188,updateListing
FN:198,mintNft
FN:212,withdrawProceeds
FN:224,setNftAddress
FN:228,setListingFee
FN:232,getListing
FN:240,getProceeds
FN:244,getCurrentMintPrice
FN:251,getListingFee
FNF:16
FNH:0
FNDA:0,constructor
FNDA:0,notListed
FNDA:0,isOwner
FNDA:0,isListed
FNDA:0,listItem
FNDA:0,cancelListing
FNDA:0,buyItem
FNDA:0,updateListing
FNDA:0,mintNft
FNDA:0,withdrawProceeds
FNDA:0,setNftAddress
FNDA:0,setListingFee
FNDA:0,getListing
FNDA:0,getProceeds
FNDA:0,getCurrentMintPrice
FNDA:0,getListingFee
DA:43,0
DA:44,0
DA:45,0
DA:84,0
DA:85,0
DA:86,0
DA:88,0
DA:96,0
DA:97,0
DA:98,0
DA:99,0
DA:101,0
DA:105,0
DA:106,0
DA:107,0
DA:109,0
DA:124,0
DA:125,0
DA:130,0
DA:131,0
DA:135,0
DA:136,0
DA:139,0
DA:141,0
DA:142,0
DA:145,0
DA:146,0
DA:154,0
DA:155,0
DA:164,0
DA:166,0
DA:167,0
DA:170,0
DA:171,0
DA:172,0
DA:177,0
DA:190,0
DA:191,0
DA:194,0
DA:195,0
DA:199,0
DA:200,0
DA:201,0
DA:203,0
DA:208,0
DA:209,0
DA:213,0
DA:215,0
DA:216,0
DA:219,0
DA:220,0
DA:221,0
DA:225,0
DA:229,0
DA:237,0
DA:241,0
DA:245,0
DA:246,0
DA:248,0
DA:252,0
LF:60
LH:0
BRDA:85,1,0,0
BRDA:85,1,1,0
BRDA:98,2,0,0
BRDA:98,2,1,0
BRDA:106,3,0,0
BRDA:106,3,1,0
BRDA:124,4,0,0
BRDA:124,4,1,0
BRDA:125,5,0,0
BRDA:125,5,1,0
BRDA:130,6,0,0
BRDA:130,6,1,0
BRDA:135,7,0,0
BRDA:135,7,1,0
BRDA:141,8,0,0
BRDA:141,8,1,0
BRDA:166,9,0,0
BRDA:166,9,1,0
BRDA:190,10,0,0
BRDA:190,10,1,0
BRDA:200,11,0,0
BRDA:200,11,1,0
BRDA:215,12,0,0
BRDA:215,12,1,0
BRDA:221,13,0,0
BRDA:221,13,1,0
BRF:26
BRH:0
end_of_record
TN:
SF:/home/ahmet/nft-minter-marketplace/contracts/NFT.sol
FN:13,constructor
FN:17,onlyMarketplace
FN:27,createToken
FNF:3
FNH:0
FNDA:0,constructor
FNDA:0,onlyMarketplace
FNDA:0,createToken
DA:14,0
DA:18,0
DA:22,0
DA:30,0
DA:31,0
DA:32,0
DA:33,0
DA:34,0
LF:8
LH:0
BRDA:18,1,0,0
BRDA:18,1,1,0
BRF:2
BRH:0
end_of_record
